<?xml version="1.0" encoding="UTF-8"?>
<!-- Generated by org.testng.reporters.JUnitReportReporter -->
<testsuite skipped="0" hostname="DESKTOP-GK61F68" name="com.crm.comcast.organizationtest.CreateOrgTest" tests="1" failures="0" timestamp="2021-03-02T18:33:03 IST" time="16.925" errors="0">
  <testcase name="createOrganizationTest" time="16.925" classname="com.crm.comcast.organizationtest.CreateOrgTest"/>
  <system-out/>
</testsuite> <!-- com.crm.comcast.organizationtest.CreateOrgTest -->
